[0406/102412.837:INFO:CONSOLE(1)] "Could not create web worker(s). Falling back to loading web worker code in main thread, which might cause UI freezes. Please see https://github.com/Microsoft/monaco-editor#faq", source: file:///C:/Program%20Files/Power%20BI%20ALM%20Toolkit/Power%20BI%20ALM%20Toolkit/html-resources/dist/main.bundle.js (1)
[0406/102412.837:INFO:CONSOLE(1)] "You must define a function MonacoEnvironment.getWorkerUrl or MonacoEnvironment.getWorker", source: file:///C:/Program%20Files/Power%20BI%20ALM%20Toolkit/Power%20BI%20ALM%20Toolkit/html-resources/dist/main.bundle.js (1)
[0406/102412.920:INFO:CONSOLE(1)] "You must define a function MonacoEnvironment.getWorkerUrl or MonacoEnvironment.getWorker", source: file:///C:/Program%20Files/Power%20BI%20ALM%20Toolkit/Power%20BI%20ALM%20Toolkit/html-resources/dist/main.bundle.js (1)
[0406/102412.975:INFO:CONSOLE(1)] "Error: Cannot find module "."", source: file:///C:/Program%20Files/Power%20BI%20ALM%20Toolkit/Power%20BI%20ALM%20Toolkit/html-resources/dist/3.chunk.js (1)
[0406/102412.975:INFO:CONSOLE(1)] "Error: Cannot find module "."", source: file:///C:/Program%20Files/Power%20BI%20ALM%20Toolkit/Power%20BI%20ALM%20Toolkit/html-resources/dist/3.chunk.js (1)
[0406/102433.115:INFO:CONSOLE(1)] "Error: Cannot find module "."", source: file:///C:/Program%20Files/Power%20BI%20ALM%20Toolkit/Power%20BI%20ALM%20Toolkit/html-resources/dist/3.chunk.js (1)
[0406/102433.115:INFO:CONSOLE(1)] "Error: Cannot find module "."", source: file:///C:/Program%20Files/Power%20BI%20ALM%20Toolkit/Power%20BI%20ALM%20Toolkit/html-resources/dist/3.chunk.js (1)
[0406/102433.116:INFO:CONSOLE(1)] "Error: Cannot find module "."", source: file:///C:/Program%20Files/Power%20BI%20ALM%20Toolkit/Power%20BI%20ALM%20Toolkit/html-resources/dist/3.chunk.js (1)
[0406/102433.116:INFO:CONSOLE(1)] "Error: Cannot find module "."", source: file:///C:/Program%20Files/Power%20BI%20ALM%20Toolkit/Power%20BI%20ALM%20Toolkit/html-resources/dist/3.chunk.js (1)
[0406/102433.146:INFO:CONSOLE(1)] "WARNING: Promise with no error callback:7", source: file:///C:/Program%20Files/Power%20BI%20ALM%20Toolkit/Power%20BI%20ALM%20Toolkit/html-resources/dist/main.bundle.js (1)
[0406/102433.146:INFO:CONSOLE(1)] "[object Object]", source: file:///C:/Program%20Files/Power%20BI%20ALM%20Toolkit/Power%20BI%20ALM%20Toolkit/html-resources/dist/main.bundle.js (1)
[0406/102433.146:INFO:CONSOLE(1)] "WARNING: Promise with no error callback:10", source: file:///C:/Program%20Files/Power%20BI%20ALM%20Toolkit/Power%20BI%20ALM%20Toolkit/html-resources/dist/main.bundle.js (1)
[0406/102433.146:INFO:CONSOLE(1)] "[object Object]", source: file:///C:/Program%20Files/Power%20BI%20ALM%20Toolkit/Power%20BI%20ALM%20Toolkit/html-resources/dist/main.bundle.js (1)
[0406/102433.165:INFO:CONSOLE(1)] "ERROR", source: file:///C:/Program%20Files/Power%20BI%20ALM%20Toolkit/Power%20BI%20ALM%20Toolkit/html-resources/dist/main.bundle.js (1)
[0406/102433.166:INFO:CONSOLE(1)] "ERROR", source: file:///C:/Program%20Files/Power%20BI%20ALM%20Toolkit/Power%20BI%20ALM%20Toolkit/html-resources/dist/main.bundle.js (1)
[0406/102746.504:INFO:CONSOLE(1)] "Could not create web worker(s). Falling back to loading web worker code in main thread, which might cause UI freezes. Please see https://github.com/Microsoft/monaco-editor#faq", source: file:///C:/Program%20Files/Power%20BI%20ALM%20Toolkit/Power%20BI%20ALM%20Toolkit/html-resources/dist/main.bundle.js (1)
[0406/102746.504:INFO:CONSOLE(1)] "You must define a function MonacoEnvironment.getWorkerUrl or MonacoEnvironment.getWorker", source: file:///C:/Program%20Files/Power%20BI%20ALM%20Toolkit/Power%20BI%20ALM%20Toolkit/html-resources/dist/main.bundle.js (1)
[0406/102746.559:INFO:CONSOLE(1)] "You must define a function MonacoEnvironment.getWorkerUrl or MonacoEnvironment.getWorker", source: file:///C:/Program%20Files/Power%20BI%20ALM%20Toolkit/Power%20BI%20ALM%20Toolkit/html-resources/dist/main.bundle.js (1)
[0406/102746.608:INFO:CONSOLE(1)] "Error: Cannot find module "."", source: file:///C:/Program%20Files/Power%20BI%20ALM%20Toolkit/Power%20BI%20ALM%20Toolkit/html-resources/dist/3.chunk.js (1)
[0406/102746.609:INFO:CONSOLE(1)] "Error: Cannot find module "."", source: file:///C:/Program%20Files/Power%20BI%20ALM%20Toolkit/Power%20BI%20ALM%20Toolkit/html-resources/dist/3.chunk.js (1)
[0406/102814.980:INFO:CONSOLE(1)] "Error: Cannot find module "."", source: file:///C:/Program%20Files/Power%20BI%20ALM%20Toolkit/Power%20BI%20ALM%20Toolkit/html-resources/dist/3.chunk.js (1)
[0406/102814.980:INFO:CONSOLE(1)] "Error: Cannot find module "."", source: file:///C:/Program%20Files/Power%20BI%20ALM%20Toolkit/Power%20BI%20ALM%20Toolkit/html-resources/dist/3.chunk.js (1)
[0406/102814.981:INFO:CONSOLE(1)] "Error: Cannot find module "."", source: file:///C:/Program%20Files/Power%20BI%20ALM%20Toolkit/Power%20BI%20ALM%20Toolkit/html-resources/dist/3.chunk.js (1)
[0406/102814.981:INFO:CONSOLE(1)] "Error: Cannot find module "."", source: file:///C:/Program%20Files/Power%20BI%20ALM%20Toolkit/Power%20BI%20ALM%20Toolkit/html-resources/dist/3.chunk.js (1)
[0406/102815.015:INFO:CONSOLE(1)] "WARNING: Promise with no error callback:7", source: file:///C:/Program%20Files/Power%20BI%20ALM%20Toolkit/Power%20BI%20ALM%20Toolkit/html-resources/dist/main.bundle.js (1)
[0406/102815.016:INFO:CONSOLE(1)] "[object Object]", source: file:///C:/Program%20Files/Power%20BI%20ALM%20Toolkit/Power%20BI%20ALM%20Toolkit/html-resources/dist/main.bundle.js (1)
[0406/102815.016:INFO:CONSOLE(1)] "WARNING: Promise with no error callback:10", source: file:///C:/Program%20Files/Power%20BI%20ALM%20Toolkit/Power%20BI%20ALM%20Toolkit/html-resources/dist/main.bundle.js (1)
[0406/102815.016:INFO:CONSOLE(1)] "[object Object]", source: file:///C:/Program%20Files/Power%20BI%20ALM%20Toolkit/Power%20BI%20ALM%20Toolkit/html-resources/dist/main.bundle.js (1)
[0406/102815.030:INFO:CONSOLE(1)] "ERROR", source: file:///C:/Program%20Files/Power%20BI%20ALM%20Toolkit/Power%20BI%20ALM%20Toolkit/html-resources/dist/main.bundle.js (1)
[0406/102815.030:INFO:CONSOLE(1)] "ERROR", source: file:///C:/Program%20Files/Power%20BI%20ALM%20Toolkit/Power%20BI%20ALM%20Toolkit/html-resources/dist/main.bundle.js (1)
[0406/102817.015:INFO:CONSOLE(1)] "WARNING: Promise with no error callback:13", source: file:///C:/Program%20Files/Power%20BI%20ALM%20Toolkit/Power%20BI%20ALM%20Toolkit/html-resources/dist/main.bundle.js (1)
[0406/102817.015:INFO:CONSOLE(1)] "[object Object]", source: file:///C:/Program%20Files/Power%20BI%20ALM%20Toolkit/Power%20BI%20ALM%20Toolkit/html-resources/dist/main.bundle.js (1)
[0406/102817.015:INFO:CONSOLE(1)] "ERROR", source: file:///C:/Program%20Files/Power%20BI%20ALM%20Toolkit/Power%20BI%20ALM%20Toolkit/html-resources/dist/main.bundle.js (1)
[0406/102817.017:INFO:CONSOLE(1)] "ERROR", source: file:///C:/Program%20Files/Power%20BI%20ALM%20Toolkit/Power%20BI%20ALM%20Toolkit/html-resources/dist/main.bundle.js (1)
[0406/102820.416:INFO:CONSOLE(1)] "Error: Cannot find module "."", source: file:///C:/Program%20Files/Power%20BI%20ALM%20Toolkit/Power%20BI%20ALM%20Toolkit/html-resources/dist/3.chunk.js (1)
[0406/102820.417:INFO:CONSOLE(1)] "Error: Cannot find module "."", source: file:///C:/Program%20Files/Power%20BI%20ALM%20Toolkit/Power%20BI%20ALM%20Toolkit/html-resources/dist/3.chunk.js (1)
[0406/102820.417:INFO:CONSOLE(1)] "Error: Cannot find module "."", source: file:///C:/Program%20Files/Power%20BI%20ALM%20Toolkit/Power%20BI%20ALM%20Toolkit/html-resources/dist/3.chunk.js (1)
[0406/102820.417:INFO:CONSOLE(1)] "Error: Cannot find module "."", source: file:///C:/Program%20Files/Power%20BI%20ALM%20Toolkit/Power%20BI%20ALM%20Toolkit/html-resources/dist/3.chunk.js (1)
[0406/102820.448:INFO:CONSOLE(1)] "WARNING: Promise with no error callback:16", source: file:///C:/Program%20Files/Power%20BI%20ALM%20Toolkit/Power%20BI%20ALM%20Toolkit/html-resources/dist/main.bundle.js (1)
[0406/102820.448:INFO:CONSOLE(1)] "[object Object]", source: file:///C:/Program%20Files/Power%20BI%20ALM%20Toolkit/Power%20BI%20ALM%20Toolkit/html-resources/dist/main.bundle.js (1)
[0406/102820.448:INFO:CONSOLE(1)] "WARNING: Promise with no error callback:19", source: file:///C:/Program%20Files/Power%20BI%20ALM%20Toolkit/Power%20BI%20ALM%20Toolkit/html-resources/dist/main.bundle.js (1)
[0406/102820.448:INFO:CONSOLE(1)] "[object Object]", source: file:///C:/Program%20Files/Power%20BI%20ALM%20Toolkit/Power%20BI%20ALM%20Toolkit/html-resources/dist/main.bundle.js (1)
[0406/102820.466:INFO:CONSOLE(1)] "ERROR", source: file:///C:/Program%20Files/Power%20BI%20ALM%20Toolkit/Power%20BI%20ALM%20Toolkit/html-resources/dist/main.bundle.js (1)
[0406/102820.466:INFO:CONSOLE(1)] "ERROR", source: file:///C:/Program%20Files/Power%20BI%20ALM%20Toolkit/Power%20BI%20ALM%20Toolkit/html-resources/dist/main.bundle.js (1)
[0406/102821.716:INFO:CONSOLE(1)] "Error: Cannot find module "."", source: file:///C:/Program%20Files/Power%20BI%20ALM%20Toolkit/Power%20BI%20ALM%20Toolkit/html-resources/dist/3.chunk.js (1)
[0406/102821.716:INFO:CONSOLE(1)] "Error: Cannot find module "."", source: file:///C:/Program%20Files/Power%20BI%20ALM%20Toolkit/Power%20BI%20ALM%20Toolkit/html-resources/dist/3.chunk.js (1)
[0406/102821.716:INFO:CONSOLE(1)] "Error: Cannot find module "."", source: file:///C:/Program%20Files/Power%20BI%20ALM%20Toolkit/Power%20BI%20ALM%20Toolkit/html-resources/dist/3.chunk.js (1)
[0406/102821.716:INFO:CONSOLE(1)] "Error: Cannot find module "."", source: file:///C:/Program%20Files/Power%20BI%20ALM%20Toolkit/Power%20BI%20ALM%20Toolkit/html-resources/dist/3.chunk.js (1)
[0406/102821.742:INFO:CONSOLE(1)] "WARNING: Promise with no error callback:22", source: file:///C:/Program%20Files/Power%20BI%20ALM%20Toolkit/Power%20BI%20ALM%20Toolkit/html-resources/dist/main.bundle.js (1)
[0406/102821.742:INFO:CONSOLE(1)] "[object Object]", source: file:///C:/Program%20Files/Power%20BI%20ALM%20Toolkit/Power%20BI%20ALM%20Toolkit/html-resources/dist/main.bundle.js (1)
[0406/102821.742:INFO:CONSOLE(1)] "WARNING: Promise with no error callback:25", source: file:///C:/Program%20Files/Power%20BI%20ALM%20Toolkit/Power%20BI%20ALM%20Toolkit/html-resources/dist/main.bundle.js (1)
[0406/102821.742:INFO:CONSOLE(1)] "[object Object]", source: file:///C:/Program%20Files/Power%20BI%20ALM%20Toolkit/Power%20BI%20ALM%20Toolkit/html-resources/dist/main.bundle.js (1)
[0406/102821.753:INFO:CONSOLE(1)] "ERROR", source: file:///C:/Program%20Files/Power%20BI%20ALM%20Toolkit/Power%20BI%20ALM%20Toolkit/html-resources/dist/main.bundle.js (1)
[0406/102821.753:INFO:CONSOLE(1)] "ERROR", source: file:///C:/Program%20Files/Power%20BI%20ALM%20Toolkit/Power%20BI%20ALM%20Toolkit/html-resources/dist/main.bundle.js (1)
[0406/102822.886:INFO:CONSOLE(1)] "Error: Cannot find module "."", source: file:///C:/Program%20Files/Power%20BI%20ALM%20Toolkit/Power%20BI%20ALM%20Toolkit/html-resources/dist/3.chunk.js (1)
[0406/102822.886:INFO:CONSOLE(1)] "Error: Cannot find module "."", source: file:///C:/Program%20Files/Power%20BI%20ALM%20Toolkit/Power%20BI%20ALM%20Toolkit/html-resources/dist/3.chunk.js (1)
[0406/102822.886:INFO:CONSOLE(1)] "Error: Cannot find module "."", source: file:///C:/Program%20Files/Power%20BI%20ALM%20Toolkit/Power%20BI%20ALM%20Toolkit/html-resources/dist/3.chunk.js (1)
[0406/102822.886:INFO:CONSOLE(1)] "Error: Cannot find module "."", source: file:///C:/Program%20Files/Power%20BI%20ALM%20Toolkit/Power%20BI%20ALM%20Toolkit/html-resources/dist/3.chunk.js (1)
[0406/102822.911:INFO:CONSOLE(1)] "WARNING: Promise with no error callback:28", source: file:///C:/Program%20Files/Power%20BI%20ALM%20Toolkit/Power%20BI%20ALM%20Toolkit/html-resources/dist/main.bundle.js (1)
[0406/102822.911:INFO:CONSOLE(1)] "[object Object]", source: file:///C:/Program%20Files/Power%20BI%20ALM%20Toolkit/Power%20BI%20ALM%20Toolkit/html-resources/dist/main.bundle.js (1)
[0406/102822.911:INFO:CONSOLE(1)] "WARNING: Promise with no error callback:31", source: file:///C:/Program%20Files/Power%20BI%20ALM%20Toolkit/Power%20BI%20ALM%20Toolkit/html-resources/dist/main.bundle.js (1)
[0406/102822.912:INFO:CONSOLE(1)] "[object Object]", source: file:///C:/Program%20Files/Power%20BI%20ALM%20Toolkit/Power%20BI%20ALM%20Toolkit/html-resources/dist/main.bundle.js (1)
[0406/102822.924:INFO:CONSOLE(1)] "ERROR", source: file:///C:/Program%20Files/Power%20BI%20ALM%20Toolkit/Power%20BI%20ALM%20Toolkit/html-resources/dist/main.bundle.js (1)
[0406/102822.924:INFO:CONSOLE(1)] "ERROR", source: file:///C:/Program%20Files/Power%20BI%20ALM%20Toolkit/Power%20BI%20ALM%20Toolkit/html-resources/dist/main.bundle.js (1)
[0406/102823.612:INFO:CONSOLE(1)] "Error: Cannot find module "."", source: file:///C:/Program%20Files/Power%20BI%20ALM%20Toolkit/Power%20BI%20ALM%20Toolkit/html-resources/dist/3.chunk.js (1)
[0406/102823.612:INFO:CONSOLE(1)] "Error: Cannot find module "."", source: file:///C:/Program%20Files/Power%20BI%20ALM%20Toolkit/Power%20BI%20ALM%20Toolkit/html-resources/dist/3.chunk.js (1)
[0406/102823.612:INFO:CONSOLE(1)] "Error: Cannot find module "."", source: file:///C:/Program%20Files/Power%20BI%20ALM%20Toolkit/Power%20BI%20ALM%20Toolkit/html-resources/dist/3.chunk.js (1)
[0406/102823.612:INFO:CONSOLE(1)] "Error: Cannot find module "."", source: file:///C:/Program%20Files/Power%20BI%20ALM%20Toolkit/Power%20BI%20ALM%20Toolkit/html-resources/dist/3.chunk.js (1)
[0406/102823.644:INFO:CONSOLE(1)] "WARNING: Promise with no error callback:34", source: file:///C:/Program%20Files/Power%20BI%20ALM%20Toolkit/Power%20BI%20ALM%20Toolkit/html-resources/dist/main.bundle.js (1)
[0406/102823.644:INFO:CONSOLE(1)] "[object Object]", source: file:///C:/Program%20Files/Power%20BI%20ALM%20Toolkit/Power%20BI%20ALM%20Toolkit/html-resources/dist/main.bundle.js (1)
[0406/102823.644:INFO:CONSOLE(1)] "WARNING: Promise with no error callback:37", source: file:///C:/Program%20Files/Power%20BI%20ALM%20Toolkit/Power%20BI%20ALM%20Toolkit/html-resources/dist/main.bundle.js (1)
[0406/102823.644:INFO:CONSOLE(1)] "[object Object]", source: file:///C:/Program%20Files/Power%20BI%20ALM%20Toolkit/Power%20BI%20ALM%20Toolkit/html-resources/dist/main.bundle.js (1)
[0406/102823.662:INFO:CONSOLE(1)] "ERROR", source: file:///C:/Program%20Files/Power%20BI%20ALM%20Toolkit/Power%20BI%20ALM%20Toolkit/html-resources/dist/main.bundle.js (1)
[0406/102823.662:INFO:CONSOLE(1)] "ERROR", source: file:///C:/Program%20Files/Power%20BI%20ALM%20Toolkit/Power%20BI%20ALM%20Toolkit/html-resources/dist/main.bundle.js (1)
[0406/102824.335:INFO:CONSOLE(1)] "Error: Cannot find module "."", source: file:///C:/Program%20Files/Power%20BI%20ALM%20Toolkit/Power%20BI%20ALM%20Toolkit/html-resources/dist/3.chunk.js (1)
[0406/102824.335:INFO:CONSOLE(1)] "Error: Cannot find module "."", source: file:///C:/Program%20Files/Power%20BI%20ALM%20Toolkit/Power%20BI%20ALM%20Toolkit/html-resources/dist/3.chunk.js (1)
[0406/102824.335:INFO:CONSOLE(1)] "Error: Cannot find module "."", source: file:///C:/Program%20Files/Power%20BI%20ALM%20Toolkit/Power%20BI%20ALM%20Toolkit/html-resources/dist/3.chunk.js (1)
[0406/102824.335:INFO:CONSOLE(1)] "Error: Cannot find module "."", source: file:///C:/Program%20Files/Power%20BI%20ALM%20Toolkit/Power%20BI%20ALM%20Toolkit/html-resources/dist/3.chunk.js (1)
[0406/102824.366:INFO:CONSOLE(1)] "WARNING: Promise with no error callback:40", source: file:///C:/Program%20Files/Power%20BI%20ALM%20Toolkit/Power%20BI%20ALM%20Toolkit/html-resources/dist/main.bundle.js (1)
[0406/102824.366:INFO:CONSOLE(1)] "[object Object]", source: file:///C:/Program%20Files/Power%20BI%20ALM%20Toolkit/Power%20BI%20ALM%20Toolkit/html-resources/dist/main.bundle.js (1)
[0406/102824.367:INFO:CONSOLE(1)] "WARNING: Promise with no error callback:43", source: file:///C:/Program%20Files/Power%20BI%20ALM%20Toolkit/Power%20BI%20ALM%20Toolkit/html-resources/dist/main.bundle.js (1)
[0406/102824.367:INFO:CONSOLE(1)] "[object Object]", source: file:///C:/Program%20Files/Power%20BI%20ALM%20Toolkit/Power%20BI%20ALM%20Toolkit/html-resources/dist/main.bundle.js (1)
[0406/102824.378:INFO:CONSOLE(1)] "ERROR", source: file:///C:/Program%20Files/Power%20BI%20ALM%20Toolkit/Power%20BI%20ALM%20Toolkit/html-resources/dist/main.bundle.js (1)
[0406/102824.382:INFO:CONSOLE(1)] "ERROR", source: file:///C:/Program%20Files/Power%20BI%20ALM%20Toolkit/Power%20BI%20ALM%20Toolkit/html-resources/dist/main.bundle.js (1)
[0406/102830.631:INFO:CONSOLE(1)] "Error: Cannot find module "."", source: file:///C:/Program%20Files/Power%20BI%20ALM%20Toolkit/Power%20BI%20ALM%20Toolkit/html-resources/dist/3.chunk.js (1)
[0406/102830.631:INFO:CONSOLE(1)] "Error: Cannot find module "."", source: file:///C:/Program%20Files/Power%20BI%20ALM%20Toolkit/Power%20BI%20ALM%20Toolkit/html-resources/dist/3.chunk.js (1)
[0406/102830.632:INFO:CONSOLE(1)] "Error: Cannot find module "."", source: file:///C:/Program%20Files/Power%20BI%20ALM%20Toolkit/Power%20BI%20ALM%20Toolkit/html-resources/dist/3.chunk.js (1)
[0406/102830.632:INFO:CONSOLE(1)] "Error: Cannot find module "."", source: file:///C:/Program%20Files/Power%20BI%20ALM%20Toolkit/Power%20BI%20ALM%20Toolkit/html-resources/dist/3.chunk.js (1)
[0406/102830.708:INFO:CONSOLE(1)] "WARNING: Promise with no error callback:46", source: file:///C:/Program%20Files/Power%20BI%20ALM%20Toolkit/Power%20BI%20ALM%20Toolkit/html-resources/dist/main.bundle.js (1)
[0406/102830.708:INFO:CONSOLE(1)] "[object Object]", source: file:///C:/Program%20Files/Power%20BI%20ALM%20Toolkit/Power%20BI%20ALM%20Toolkit/html-resources/dist/main.bundle.js (1)
[0406/102830.708:INFO:CONSOLE(1)] "WARNING: Promise with no error callback:49", source: file:///C:/Program%20Files/Power%20BI%20ALM%20Toolkit/Power%20BI%20ALM%20Toolkit/html-resources/dist/main.bundle.js (1)
[0406/102830.708:INFO:CONSOLE(1)] "[object Object]", source: file:///C:/Program%20Files/Power%20BI%20ALM%20Toolkit/Power%20BI%20ALM%20Toolkit/html-resources/dist/main.bundle.js (1)
[0406/102830.708:INFO:CONSOLE(1)] "ERROR", source: file:///C:/Program%20Files/Power%20BI%20ALM%20Toolkit/Power%20BI%20ALM%20Toolkit/html-resources/dist/main.bundle.js (1)
[0406/102830.709:INFO:CONSOLE(1)] "ERROR", source: file:///C:/Program%20Files/Power%20BI%20ALM%20Toolkit/Power%20BI%20ALM%20Toolkit/html-resources/dist/main.bundle.js (1)
[0531/091354.249:ERROR:directory_reader_win.cc(43)] FindFirstFile: Impossibile trovare il percorso specificato. (0x3)
[0531/091354.252:ERROR:filesystem_win.cc(129)] GetFileAttributes C:\Users\Admin\AppData\Local\Power BI Desktop\User Data\Crashpad\attachments\d48a0d3e-b145-4894-90f9-d83679b3b241: Impossibile trovare il percorso specificato. (0x3)
[0531/091354.256:ERROR:filesystem_win.cc(129)] GetFileAttributes C:\Users\Admin\AppData\Local\Power BI Desktop\User Data\Crashpad\attachments\1d4a1b4c-8bdd-4e3d-a57a-dae0f8a977ce: Impossibile trovare il percorso specificato. (0x3)
[0531/091354.259:ERROR:filesystem_win.cc(129)] GetFileAttributes C:\Users\Admin\AppData\Local\Power BI Desktop\User Data\Crashpad\attachments\7576350a-01b4-4f4b-b7ee-5193d1b9ba0b: Impossibile trovare il percorso specificato. (0x3)
[0531/091354.262:ERROR:filesystem_win.cc(129)] GetFileAttributes C:\Users\Admin\AppData\Local\Power BI Desktop\User Data\Crashpad\attachments\cabbfb0c-4559-4016-a604-8e44b4fea451: Impossibile trovare il percorso specificato. (0x3)
[0531/091354.264:ERROR:filesystem_win.cc(129)] GetFileAttributes C:\Users\Admin\AppData\Local\Power BI Desktop\User Data\Crashpad\attachments\4139802b-6d16-4b62-bdcf-6f1027b0a210: Impossibile trovare il percorso specificato. (0x3)
[0531/091354.265:ERROR:filesystem_win.cc(129)] GetFileAttributes C:\Users\Admin\AppData\Local\Power BI Desktop\User Data\Crashpad\attachments\793fbcd8-7fb4-41a4-bae8-c8549fcb5a8c: Impossibile trovare il percorso specificato. (0x3)
